{
  "RSpec": {
    "coverage": {
      "/home/jmervine/Development/ditty/dittyapp.rb": [
        1,
        null,
        1,
        1,
        1,
        1,
        1,
        1,
        1,
        1,
        1,
        null,
        null,
        1,
        1,
        null,
        1,
        null,
        1,
        null,
        1,
        1,
        null,
        1,
        null,
        1,
        1,
        null,
        1,
        1,
        1,
        1,
        1,
        1,
        1,
        1,
        null,
        1,
        1,
        null,
        1,
        1,
        1,
        1,
        null,
        null,
        1,
        null,
        1,
        1,
        null,
        null,
        1,
        0,
        0,
        null,
        null,
        1,
        1,
        1,
        null,
        null,
        1,
        39,
        39,
        39,
        null,
        null,
        1,
        1,
        1,
        null,
        null,
        null,
        1,
        1,
        1,
        null,
        null,
        1,
        2,
        1,
        null,
        null,
        1,
        3,
        3,
        3,
        1,
        null,
        3,
        3,
        null,
        3,
        null,
        null,
        1,
        2,
        1,
        null,
        null,
        1,
        2,
        1,
        1,
        1,
        1,
        1,
        null,
        1,
        1,
        null,
        null,
        1,
        1,
        0,
        null,
        null,
        1,
        2,
        1,
        null,
        null,
        1,
        1,
        1,
        1,
        1,
        null,
        1,
        1,
        1,
        1,
        null,
        null,
        3,
        1,
        1,
        null,
        null,
        1,
        2,
        1,
        1,
        1,
        null,
        null,
        1,
        2,
        2,
        2,
        2,
        1,
        null,
        2,
        2,
        2,
        2,
        null,
        2,
        null,
        null,
        1,
        2,
        2,
        1,
        null,
        2,
        null,
        null,
        null,
        2,
        null,
        2,
        null,
        2,
        null,
        null,
        1,
        2,
        2,
        1,
        null,
        2,
        2,
        null,
        2,
        null,
        null,
        1,
        2,
        2,
        null,
        2,
        2,
        1,
        null,
        2,
        null,
        2,
        null,
        2,
        null,
        null,
        1,
        2,
        2,
        2,
        null,
        2,
        2,
        2,
        2,
        1,
        null,
        null,
        2,
        144,
        null,
        2,
        2,
        2,
        null,
        2,
        null,
        null,
        1,
        3,
        2,
        null,
        2,
        2,
        2,
        2,
        1,
        null,
        null,
        2,
        144,
        null,
        null,
        2,
        null,
        2,
        2,
        null,
        2,
        null,
        null,
        1,
        7,
        7,
        7,
        7,
        4,
        3,
        null,
        4,
        4,
        4,
        4,
        null,
        7,
        null,
        null,
        1,
        0,
        0,
        null,
        null,
        1,
        3,
        null,
        null,
        null,
        null
      ],
      "/home/jmervine/Development/ditty/lib/ditty.rb": [
        1,
        null,
        1,
        2,
        null,
        null
      ],
      "/home/jmervine/Development/ditty/lib/ditty/tag.rb": [
        1,
        1,
        1,
        1,
        null,
        1,
        null,
        1,
        1,
        null,
        null
      ],
      "/home/jmervine/Development/ditty/lib/ditty/post.rb": [
        1,
        1,
        1,
        1,
        1,
        1,
        1,
        null,
        1,
        1,
        1,
        null,
        1,
        1,
        null,
        1,
        1444,
        1444,
        1444,
        1444,
        null,
        null,
        1,
        1,
        1742,
        1742,
        38324,
        null,
        1742,
        5226,
        null,
        1742,
        1742,
        1742,
        1742,
        null,
        null,
        1,
        295,
        null,
        null,
        1,
        1447,
        null,
        null,
        null
      ],
      "/home/jmervine/Development/ditty/lib/helpers.rb": [
        1,
        1,
        3,
        null,
        1,
        null,
        null
      ],
      "/home/jmervine/Development/ditty/lib/helpers/templates.rb": [
        1,
        1,
        1,
        1,
        1,
        1,
        46,
        46,
        null,
        null,
        1,
        50,
        47,
        47,
        47,
        47,
        null,
        0,
        0,
        null,
        47,
        13,
        null,
        34,
        null,
        null,
        null,
        1,
        0,
        null,
        null,
        1,
        7,
        7,
        null,
        null,
        1,
        649,
        92,
        92,
        null,
        557,
        557,
        null,
        649,
        643,
        null,
        null,
        1,
        6,
        null,
        null,
        1,
        50,
        50,
        null,
        50,
        3652,
        3652,
        3652,
        3652,
        null,
        50,
        null,
        null,
        1,
        28,
        null,
        28,
        28,
        null,
        28,
        54,
        54,
        54,
        324,
        324,
        324,
        1992,
        null,
        324,
        324,
        null,
        54,
        54,
        null,
        28,
        28,
        null,
        null,
        1,
        2040,
        2040,
        null,
        null,
        1,
        560,
        null,
        null,
        null,
        null,
        null,
        null,
        null,
        null,
        null,
        null,
        null,
        null,
        null,
        null,
        null,
        null,
        null,
        null,
        null,
        null,
        null,
        null,
        null,
        null,
        null,
        null,
        null,
        null,
        null,
        null,
        null,
        null,
        null,
        null,
        1,
        22,
        1,
        21,
        17,
        null,
        4,
        null,
        null,
        null,
        1,
        45,
        42,
        null,
        3,
        null,
        null,
        null,
        1,
        null,
        1,
        0,
        null,
        1,
        0,
        null,
        null,
        null
      ],
      "/home/jmervine/Development/ditty/lib/helpers/application.rb": [
        1,
        1,
        1,
        1,
        1,
        14,
        6,
        6,
        null,
        null,
        null,
        null,
        1,
        145,
        145,
        null,
        null,
        1,
        19,
        19,
        null,
        null,
        1,
        19,
        19,
        null,
        null,
        1,
        92,
        92,
        null,
        null,
        1,
        2,
        2,
        4,
        2,
        null,
        2,
        null,
        null,
        1,
        2,
        null,
        null,
        1,
        22,
        null,
        null,
        1,
        52,
        null,
        null,
        null,
        null
      ],
      "/home/jmervine/Development/ditty/lib/helpers/configure.rb": [
        1,
        1,
        1,
        null,
        1,
        1,
        1,
        null,
        0,
        null,
        null,
        1,
        1,
        1,
        1,
        1,
        1,
        1,
        1,
        null,
        1,
        null,
        1,
        1,
        null,
        null,
        null,
        null,
        1,
        1,
        null,
        1,
        0,
        null,
        1,
        1,
        null,
        1,
        1,
        null,
        1,
        1,
        null,
        1,
        1,
        null,
        1,
        1,
        null,
        1,
        1,
        null,
        1,
        1,
        null,
        1,
        1,
        null,
        1,
        1,
        null,
        null,
        1,
        null,
        null,
        null,
        null,
        null,
        null,
        null,
        null,
        null,
        1,
        1,
        0,
        null,
        null,
        null
      ]
    },
    "timestamp": 1341862118
  }
}
